SF:lib\domain\usecases\search_movies.dart
DA:7,1
DA:9,1
DA:10,2
LF:3
LH:3
end_of_record
SF:lib\domain\usecases\search_tv.dart
DA:7,1
DA:11,1
DA:12,2
LF:3
LH:3
end_of_record
SF:lib\presentation\bloc\movie_search\movie_search_state.dart
DA:8,3
DA:14,1
DA:18,1
DA:19,0
DA:20,1
DA:21,1
DA:24,1
DA:25,1
DA:26,1
DA:27,1
DA:28,1
LF:11
LH:10
end_of_record
SF:lib\presentation\bloc\movie_search\movie_search_bloc.dart
DA:10,1
DA:12,1
DA:13,2
DA:14,1
DA:15,2
DA:19,3
DA:20,1
DA:21,1
DA:22,1
DA:23,2
DA:25,1
DA:29,1
DA:30,1
DA:31,1
DA:32,2
DA:38,1
DA:39,2
DA:41,1
LF:18
LH:18
end_of_record
SF:lib\presentation\bloc\movie_search\movie_search_event.dart
DA:4,1
DA:6,0
DA:7,0
DA:12,1
LF:4
LH:2
end_of_record
SF:lib\presentation\bloc\tv_search\tv_search_event.dart
DA:4,1
DA:6,0
DA:7,0
DA:12,1
LF:4
LH:2
end_of_record
SF:lib\presentation\bloc\tv_search\tv_search_bloc.dart
DA:10,1
DA:12,1
DA:13,2
DA:14,1
DA:15,2
DA:19,3
DA:20,1
DA:21,1
DA:22,1
DA:23,2
DA:25,1
DA:29,1
DA:30,1
DA:31,1
DA:32,2
DA:38,1
DA:39,2
DA:41,1
LF:18
LH:18
end_of_record
SF:lib\presentation\bloc\tv_search\tv_search_state.dart
DA:8,3
DA:14,1
DA:18,1
DA:19,0
DA:20,1
DA:21,1
DA:24,1
DA:25,1
DA:26,1
DA:27,1
DA:28,1
LF:11
LH:10
end_of_record
