SF:lib\bloc_utils\season_util.dart
DA:3,1
DA:4,1
DA:5,3
DA:6,5
DA:8,1
DA:10,1
DA:11,1
LF:7
LH:7
end_of_record
SF:lib\domain\usecases\get_now_playing_tv.dart
DA:7,1
DA:11,1
DA:12,2
LF:3
LH:3
end_of_record
SF:lib\domain\usecases\get_popular_tv.dart
DA:7,1
DA:11,1
DA:12,2
LF:3
LH:3
end_of_record
SF:lib\domain\usecases\get_top_rated_tv.dart
DA:7,1
DA:11,1
DA:12,2
LF:3
LH:3
end_of_record
SF:lib\domain\usecases\get_tv_detail.dart
DA:7,1
DA:11,1
DA:12,2
LF:3
LH:3
end_of_record
SF:lib\domain\usecases\get_tv_recommendation.dart
DA:7,1
DA:11,1
DA:12,2
LF:3
LH:3
end_of_record
SF:lib\domain\usecases\get_tv_season_detail.dart
DA:7,1
DA:11,1
DA:12,2
LF:3
LH:3
end_of_record
SF:lib\domain\usecases\get_watchlist_tv_status.dart
DA:6,1
DA:8,1
DA:9,2
LF:3
LH:3
end_of_record
SF:lib\domain\usecases\remove_watchlist_tv.dart
DA:7,1
DA:9,1
DA:10,2
LF:3
LH:3
end_of_record
SF:lib\domain\usecases\save_watchlist_tv.dart
DA:7,1
DA:9,1
DA:10,2
LF:3
LH:3
end_of_record
SF:lib\presentation\bloc\tv_detail\tv_detail_event.dart
DA:4,3
DA:6,0
DA:7,0
DA:13,2
DA:21,2
DA:29,1
DA:37,3
DA:45,0
LF:8
LH:5
end_of_record
SF:lib\presentation\bloc\tv_detail\tv_detail_state.dart
DA:17,2
DA:29,2
DA:40,2
DA:41,1
DA:42,2
DA:43,2
DA:44,2
DA:45,2
DA:46,2
DA:47,2
DA:48,2
DA:49,2
DA:53,1
DA:54,1
DA:55,1
DA:56,1
DA:57,1
DA:58,1
DA:59,1
DA:60,1
DA:61,1
DA:62,1
DA:63,1
LF:23
LH:23
end_of_record
SF:lib\presentation\bloc\tv_detail\tv_detail_bloc.dart
DA:19,1
DA:25,1
DA:26,1
DA:28,1
DA:29,1
DA:35,2
DA:36,1
DA:37,2
DA:42,1
DA:44,3
DA:45,3
DA:47,1
DA:48,1
DA:49,1
DA:50,2
DA:52,1
DA:56,1
DA:57,2
DA:59,1
DA:60,2
DA:68,1
DA:69,1
DA:70,1
DA:71,2
DA:73,1
DA:77,1
DA:78,1
DA:79,1
DA:80,2
DA:86,1
DA:87,2
DA:89,1
DA:99,2
DA:100,1
DA:102,2
DA:104,1
DA:105,1
DA:106,1
DA:107,2
DA:108,1
DA:112,1
DA:113,1
DA:114,2
DA:121,3
DA:124,2
DA:125,1
DA:127,2
DA:129,1
DA:130,1
DA:131,1
DA:132,2
DA:133,1
DA:137,1
DA:138,1
DA:139,2
DA:146,3
DA:149,2
DA:150,1
DA:151,2
DA:152,3
DA:155,1
DA:156,0
DA:157,0
DA:158,0
DA:159,0
LF:65
LH:61
end_of_record
SF:lib\presentation\bloc\tv_list\tv_list_bloc.dart
DA:12,1
DA:16,1
DA:17,1
DA:19,2
DA:20,3
DA:23,2
DA:24,1
DA:25,1
DA:26,3
DA:28,1
DA:31,1
DA:32,1
DA:33,3
DA:38,3
DA:40,1
DA:47,2
DA:48,3
DA:51,2
DA:52,1
DA:53,1
DA:54,3
DA:56,1
DA:59,1
DA:60,1
DA:61,3
DA:66,3
DA:68,1
DA:75,2
DA:76,3
DA:79,2
DA:80,1
DA:81,1
DA:82,3
DA:84,1
DA:87,1
DA:88,1
DA:89,3
DA:94,3
DA:96,1
LF:39
LH:39
end_of_record
SF:lib\presentation\bloc\tv_list\tv_list_event.dart
DA:4,69
DA:6,0
DA:7,0
DA:11,35
DA:15,35
DA:19,35
LF:6
LH:4
end_of_record
SF:lib\presentation\bloc\tv_list\tv_list_state.dart
DA:15,4
DA:27,4
DA:37,4
DA:38,3
DA:39,4
DA:40,4
DA:41,3
DA:42,4
DA:43,4
DA:44,3
DA:45,4
DA:46,4
DA:49,1
DA:50,1
DA:51,1
DA:52,1
DA:53,1
DA:54,1
DA:55,1
DA:56,1
DA:57,1
DA:58,1
DA:59,1
LF:23
LH:23
end_of_record
SF:lib\presentation\bloc\tv_season\tv_season_bloc.dart
DA:11,1
DA:13,1
DA:14,2
DA:15,1
DA:16,2
DA:21,2
DA:22,2
DA:25,1
DA:26,1
DA:27,1
DA:28,2
DA:30,1
DA:34,1
DA:35,1
DA:36,2
LF:15
LH:15
end_of_record
SF:lib\presentation\bloc\tv_season\tv_season_event.dart
DA:4,2
DA:6,0
DA:7,0
DA:14,2
LF:4
LH:2
end_of_record
SF:lib\presentation\bloc\tv_season\tv_season_state.dart
DA:7,21
DA:13,2
DA:17,2
DA:18,0
DA:19,2
DA:20,2
DA:23,1
DA:24,4
LF:8
LH:7
end_of_record
SF:lib\presentation\pages\now_playing_tv_page.dart
DA:7,1
DA:9,1
DA:10,1
DA:14,1
DA:16,1
DA:17,2
DA:18,3
DA:24,1
DA:26,1
DA:27,1
DA:30,1
DA:32,1
DA:33,1
DA:34,1
DA:35,1
DA:39,1
DA:40,1
DA:41,1
DA:42,2
DA:43,1
DA:45,2
DA:47,1
DA:52,1
DA:53,1
DA:55,2
LF:25
LH:25
end_of_record
SF:lib\presentation\pages\popular_tv_page.dart
DA:7,1
DA:9,1
DA:10,1
DA:14,1
DA:16,1
DA:17,2
DA:18,3
DA:24,1
DA:26,1
DA:27,1
DA:30,1
DA:32,1
DA:33,1
DA:34,1
DA:35,1
DA:39,1
DA:40,1
DA:41,1
DA:42,2
DA:43,1
DA:45,2
DA:47,1
DA:52,1
DA:53,1
DA:55,2
LF:25
LH:25
end_of_record
SF:lib\presentation\pages\top_rated_tv_page.dart
DA:7,1
DA:9,1
DA:10,1
DA:14,1
DA:16,1
DA:17,2
DA:18,3
DA:24,1
DA:26,1
DA:27,1
DA:30,1
DA:32,1
DA:33,1
DA:34,1
DA:35,1
DA:40,1
DA:41,1
DA:42,1
DA:43,2
DA:44,1
DA:46,2
DA:49,1
DA:55,1
DA:56,1
DA:58,2
LF:25
LH:25
end_of_record
SF:lib\presentation\pages\tv_detail_page.dart
DA:10,1
DA:12,1
DA:13,1
DA:17,1
DA:19,1
DA:20,2
DA:21,6
DA:22,6
DA:26,1
DA:28,1
DA:29,1
DA:30,1
DA:31,1
DA:32,1
DA:36,1
DA:37,1
DA:38,1
DA:39,1
DA:46,0
DA:58,1
DA:64,1
DA:66,3
DA:67,2
DA:68,2
DA:69,1
DA:70,1
DA:71,1
DA:72,3
DA:74,1
DA:77,0
DA:79,1
DA:81,1
DA:82,1
DA:83,1
DA:93,1
DA:94,1
DA:95,1
DA:97,1
DA:99,1
DA:101,1
DA:102,1
DA:103,2
DA:104,2
DA:106,1
DA:108,1
DA:109,1
DA:111,1
DA:113,1
DA:115,2
DA:116,2
DA:118,1
DA:120,1
DA:121,1
DA:122,1
DA:127,1
DA:128,3
DA:129,2
DA:132,1
DA:133,1
DA:135,2
DA:136,3
DA:139,0
DA:140,0
DA:144,1
DA:146,1
DA:154,1
DA:155,3
DA:157,1
DA:158,1
DA:159,1
DA:160,0
DA:161,0
DA:162,0
DA:166,1
DA:167,1
DA:168,1
DA:169,1
DA:170,3
DA:173,1
DA:174,1
DA:175,1
DA:178,2
DA:184,1
DA:185,1
DA:186,1
DA:187,3
DA:189,1
DA:195,4
DA:199,1
DA:201,1
DA:203,1
DA:204,2
DA:207,1
DA:209,1
DA:211,1
DA:216,1
DA:218,1
DA:233,1
DA:235,1
DA:238,1
DA:240,0
DA:241,0
DA:250,1
DA:251,3
DA:256,3
DA:258,0
DA:259,3
DA:261,1
DA:263,1
DA:265,1
DA:266,1
DA:267,1
DA:269,1
DA:270,0
DA:271,0
DA:274,0
DA:277,1
DA:281,1
DA:283,2
DA:284,1
DA:290,0
DA:297,1
DA:301,1
DA:305,1
DA:306,2
DA:308,1
DA:310,3
DA:311,1
DA:312,1
DA:313,0
DA:314,0
DA:315,0
DA:317,0
DA:318,0
DA:319,0
DA:320,0
DA:321,0
DA:325,2
DA:332,1
DA:334,2
DA:335,3
DA:338,1
DA:342,3
LF:143
LH:121
end_of_record
SF:lib\presentation\pages\tv_season_detail_page.dart
DA:13,1
DA:21,1
DA:22,1
DA:26,1
DA:28,1
DA:29,2
DA:30,3
DA:31,1
DA:32,3
DA:33,3
DA:39,1
DA:41,1
DA:42,1
DA:43,1
DA:44,1
DA:45,1
DA:49,1
DA:50,1
DA:51,1
DA:52,1
DA:54,2
DA:55,2
DA:59,0
DA:60,0
DA:61,0
DA:62,0
DA:79,1
DA:85,1
DA:87,3
DA:88,1
DA:89,1
DA:90,1
DA:91,4
DA:93,1
DA:96,0
DA:98,1
DA:100,1
DA:101,1
DA:102,1
DA:112,1
DA:113,1
DA:114,1
DA:116,1
DA:118,1
DA:120,1
DA:121,1
DA:122,4
DA:123,1
DA:126,1
DA:128,1
DA:130,2
DA:135,1
DA:137,1
DA:152,1
DA:154,1
DA:157,1
DA:159,0
DA:160,0
DA:169,1
DA:170,1
DA:171,1
DA:172,4
DA:173,2
DA:174,1
DA:175,1
DA:176,1
DA:177,2
DA:179,1
DA:180,5
LF:69
LH:62
end_of_record
