SF:lib\domain\usecases\get_watchlist_movies.dart
DA:7,1
DA:9,1
DA:10,2
LF:3
LH:3
end_of_record
SF:lib\domain\usecases\get_watchlist_tv.dart
DA:6,1
DA:8,1
DA:9,2
LF:3
LH:3
end_of_record
SF:lib\presentation\bloc\movie_watchlist\movie_watchlist_event.dart
DA:4,5
DA:6,0
DA:7,0
DA:11,5
LF:4
LH:2
end_of_record
SF:lib\presentation\bloc\movie_watchlist\movie_watchlist_bloc.dart
DA:12,1
DA:14,1
DA:15,2
DA:16,1
DA:17,2
DA:21,2
DA:22,1
DA:23,1
DA:24,1
DA:25,2
DA:27,1
DA:31,1
DA:32,1
DA:33,2
DA:34,1
DA:36,1
DA:37,1
LF:17
LH:17
end_of_record
SF:lib\presentation\bloc\movie_watchlist\movie_watchlist_state.dart
DA:8,6
DA:14,1
DA:18,1
DA:19,0
DA:20,1
DA:21,1
DA:24,1
DA:25,1
DA:26,1
DA:27,1
DA:28,1
LF:11
LH:10
end_of_record
SF:lib\presentation\bloc\tv_watchlist\tv_watchlist_event.dart
DA:4,5
DA:6,0
DA:7,0
DA:11,5
LF:4
LH:2
end_of_record
SF:lib\presentation\bloc\tv_watchlist\tv_watchlist_bloc.dart
DA:10,1
DA:12,1
DA:13,2
DA:14,3
DA:17,2
DA:18,1
DA:19,1
DA:20,3
DA:22,1
DA:25,1
DA:26,3
DA:27,1
DA:29,1
DA:30,1
LF:14
LH:14
end_of_record
SF:lib\presentation\bloc\tv_watchlist\tv_watchlist_state.dart
DA:8,6
DA:14,1
DA:18,1
DA:19,0
DA:20,1
DA:21,1
DA:24,1
DA:25,1
DA:26,1
DA:27,1
DA:28,1
LF:11
LH:10
end_of_record
SF:lib\presentation\pages\watchlist_page.dart
DA:7,0
DA:9,0
DA:10,0
DA:15,0
DA:17,0
DA:18,0
DA:19,0
DA:22,0
DA:28,0
DA:30,0
DA:31,0
DA:34,0
DA:36,0
DA:39,0
DA:44,0
DA:46,0
DA:48,0
DA:49,0
DA:64,0
DA:65,0
DA:66,0
DA:68,0
DA:69,0
DA:70,0
DA:71,0
DA:76,0
DA:77,0
DA:78,0
DA:79,0
DA:80,0
DA:82,0
DA:85,0
DA:94,0
DA:95,0
DA:97,0
DA:106,0
DA:108,0
DA:109,0
DA:110,0
DA:111,0
DA:116,0
DA:117,0
DA:118,0
DA:119,0
DA:120,0
DA:122,0
DA:125,0
DA:134,0
DA:135,0
DA:137,0
DA:151,0
DA:153,0
DA:154,0
LF:53
LH:0
end_of_record
